<?xml version="1.0" encoding="UTF-8"?>
<testsuite name="com.sentinel.engis.RedisSentinelApplicationTests" tests="1" skipped="0" failures="0" errors="0" timestamp="2020-05-13T02:06:33" hostname="chenhongjiandeMacBook-Pro.local" time="0.004">
  <properties/>
  <testcase name="contextLoads" classname="com.sentinel.engis.RedisSentinelApplicationTests" time="0.004"/>
  <system-out><![CDATA[2020-05-13 10:06:33.421  INFO 20679 --- [    Test worker] .b.t.c.SpringBootTestContextBootstrapper : Neither @ContextConfiguration nor @ContextHierarchy found for test class [com.sentinel.engis.RedisSentinelApplicationTests], using SpringBootContextLoader
2020-05-13 10:06:33.426  INFO 20679 --- [    Test worker] o.s.t.c.support.AbstractContextLoader    : Could not detect default resource locations for test class [com.sentinel.engis.RedisSentinelApplicationTests]: no resource found for suffixes {-context.xml, Context.groovy}.
2020-05-13 10:06:33.429  INFO 20679 --- [    Test worker] t.c.s.AnnotationConfigContextLoaderUtils : Could not detect default configuration classes for test class [com.sentinel.engis.RedisSentinelApplicationTests]: RedisSentinelApplicationTests does not declare any static, non-private, non-final, nested classes annotated with @Configuration.
2020-05-13 10:06:33.438  INFO 20679 --- [    Test worker] .b.t.c.SpringBootTestContextBootstrapper : Found @SpringBootConfiguration com.sentinel.engis.RedisSentinelApplication for test class com.sentinel.engis.RedisSentinelApplicationTests
2020-05-13 10:06:33.440  INFO 20679 --- [    Test worker] .b.t.c.SpringBootTestContextBootstrapper : Loaded default TestExecutionListener class names from location [META-INF/spring.factories]: [org.springframework.boot.test.autoconfigure.restdocs.RestDocsTestExecutionListener, org.springframework.boot.test.autoconfigure.web.client.MockRestServiceServerResetTestExecutionListener, org.springframework.boot.test.autoconfigure.web.servlet.MockMvcPrintOnlyOnFailureTestExecutionListener, org.springframework.boot.test.autoconfigure.web.servlet.WebDriverTestExecutionListener, org.springframework.boot.test.mock.mockito.MockitoTestExecutionListener, org.springframework.boot.test.mock.mockito.ResetMocksTestExecutionListener, org.springframework.test.context.web.ServletTestExecutionListener, org.springframework.test.context.support.DirtiesContextBeforeModesTestExecutionListener, org.springframework.test.context.support.DependencyInjectionTestExecutionListener, org.springframework.test.context.support.DirtiesContextTestExecutionListener, org.springframework.test.context.transaction.TransactionalTestExecutionListener, org.springframework.test.context.jdbc.SqlScriptsTestExecutionListener]
2020-05-13 10:06:33.444  INFO 20679 --- [    Test worker] .b.t.c.SpringBootTestContextBootstrapper : Using TestExecutionListeners: [org.springframework.test.context.web.ServletTestExecutionListener@72128a12, org.springframework.test.context.support.DirtiesContextBeforeModesTestExecutionListener@7be314c7, org.springframework.boot.test.mock.mockito.MockitoTestExecutionListener@34605cf, org.springframework.boot.test.autoconfigure.SpringBootDependencyInjectionTestExecutionListener@590968fd, org.springframework.test.context.support.DirtiesContextTestExecutionListener@3f2d3bd4, org.springframework.test.context.transaction.TransactionalTestExecutionListener@5c8b55da, org.springframework.test.context.jdbc.SqlScriptsTestExecutionListener@6fd05bf9, org.springframework.boot.test.autoconfigure.restdocs.RestDocsTestExecutionListener@7d8c887e, org.springframework.boot.test.autoconfigure.web.client.MockRestServiceServerResetTestExecutionListener@2b29ff80, org.springframework.boot.test.autoconfigure.web.servlet.MockMvcPrintOnlyOnFailureTestExecutionListener@2d8a4aba, org.springframework.boot.test.autoconfigure.web.servlet.WebDriverTestExecutionListener@40e8d361, org.springframework.boot.test.mock.mockito.ResetMocksTestExecutionListener@59be6c7a]
]]></system-out>
  <system-err><![CDATA[]]></system-err>
</testsuite>
